[debug] [2023-03-28T10:06:10.038Z] ----------------------------------------------------------------------
[debug] [2023-03-28T10:06:10.040Z] Command:       C:\Program Files\nodejs\node.exe C:\Users\Nissim Albagli\AppData\Roaming\npm\node_modules\firebase-tools\lib\bin\firebase.js projects:create
[debug] [2023-03-28T10:06:10.041Z] CLI Version:   11.25.1
[debug] [2023-03-28T10:06:10.041Z] Platform:      win32
[debug] [2023-03-28T10:06:10.041Z] Node Version:  v16.15.1
[debug] [2023-03-28T10:06:10.042Z] Time:          Tue Mar 28 2023 07:06:10 GMT-0300 (hora de verano de Chile)
[debug] [2023-03-28T10:06:10.043Z] ----------------------------------------------------------------------
[debug] 
[debug] [2023-03-28T10:06:10.049Z] > command requires scopes: ["email","openid","https://www.googleapis.com/auth/cloudplatformprojects.readonly","https://www.googleapis.com/auth/firebase","https://www.googleapis.com/auth/cloud-platform"]
[debug] [2023-03-28T10:06:10.050Z] > authorizing via signed-in user (nissimalbagli@gmail.com)
[debug] [2023-03-28T10:07:16.349Z] > refreshing access token with scopes: []
[debug] [2023-03-28T10:07:16.352Z] >>> [apiv2][query] POST https://www.googleapis.com/oauth2/v3/token [none]
[debug] [2023-03-28T10:07:16.352Z] >>> [apiv2][body] POST https://www.googleapis.com/oauth2/v3/token [omitted]
[debug] [2023-03-28T10:07:17.166Z] <<< [apiv2][status] POST https://www.googleapis.com/oauth2/v3/token 400
[debug] [2023-03-28T10:07:17.166Z] <<< [apiv2][body] POST https://www.googleapis.com/oauth2/v3/token [omitted]
[debug] [2023-03-28T10:07:17.167Z] >>> [apiv2][query] POST https://cloudresourcemanager.googleapis.com/v1/projects [none]
[debug] [2023-03-28T10:07:17.168Z] >>> [apiv2][body] POST https://cloudresourcemanager.googleapis.com/v1/projects {"projectId":"qwertynaac4269","name":"Amazon-clone"}
[debug] [2023-03-28T10:07:17.783Z] <<< [apiv2][status] POST https://cloudresourcemanager.googleapis.com/v1/projects 401
[debug] [2023-03-28T10:07:17.784Z] <<< [apiv2][body] POST https://cloudresourcemanager.googleapis.com/v1/projects {"error":{"code":401,"message":"Request had invalid authentication credentials. Expected OAuth 2 access token, login cookie or other valid authentication credential. See https://developers.google.com/identity/sign-in/web/devconsole-project.","status":"UNAUTHENTICATED","details":[{"@type":"type.googleapis.com/google.rpc.ErrorInfo","reason":"ACCESS_TOKEN_TYPE_UNSUPPORTED","metadata":{"method":"google.cloudresourcemanager.v1.Projects.CreateProject","service":"cloudresourcemanager.googleapis.com"}}]}}
[debug] [2023-03-28T10:07:18.897Z] FirebaseError: HTTP Error: 401, Request had invalid authentication credentials. Expected OAuth 2 access token, login cookie or other valid authentication credential. See https://developers.google.com/identity/sign-in/web/devconsole-project.
    at responseToError (C:\Users\Nissim Albagli\AppData\Roaming\npm\node_modules\firebase-tools\lib\responseToError.js:49:12)
    at RetryOperation._fn (C:\Users\Nissim Albagli\AppData\Roaming\npm\node_modules\firebase-tools\lib\apiv2.js:288:77)
    at processTicksAndRejections (node:internal/process/task_queues:96:5)
[error] 
[error] Error: Failed to create project. See firebase-debug.log for more info.
